INFO [2024-11-29 10:09:28] $x
INFO [2024-11-29 10:09:28] list(fagaceae, pinaceae, ericaceae, other_families)
INFO [2024-11-29 10:09:28] 
INFO [2024-11-29 10:09:28] $category.names
INFO [2024-11-29 10:09:28] c("Fagaceae", "Pinaceae", "Ericaceae", "Other families")
INFO [2024-11-29 10:09:28] 
INFO [2024-11-29 10:09:28] $filename
INFO [2024-11-29 10:09:28] NULL
INFO [2024-11-29 10:09:28] 
INFO [2024-11-29 10:09:28] $output
INFO [2024-11-29 10:09:28] [1] FALSE
INFO [2024-11-29 10:09:28] 
INFO [2024-11-29 10:09:28] $lwd
INFO [2024-11-29 10:09:28] [1] 2
INFO [2024-11-29 10:09:28] 
INFO [2024-11-29 10:09:28] $lty
INFO [2024-11-29 10:09:28] [1] "blank"
INFO [2024-11-29 10:09:28] 
INFO [2024-11-29 10:09:28] $fill
INFO [2024-11-29 10:09:28] myCol
INFO [2024-11-29 10:09:28] 
INFO [2024-11-29 10:09:28] $cat.cex
INFO [2024-11-29 10:09:28] [1] 0.6
INFO [2024-11-29 10:09:28] 
INFO [2024-11-29 10:09:28] $cat.fontface
INFO [2024-11-29 10:09:28] [1] "bold"
INFO [2024-11-29 10:09:28] 
INFO [2024-11-29 10:09:28] $cat.default.pos
INFO [2024-11-29 10:09:28] [1] "outer"
INFO [2024-11-29 10:09:28] 
INFO [2024-11-29 10:09:28] $cat.pos
INFO [2024-11-29 10:09:28] c(-27, 27, 135)
INFO [2024-11-29 10:09:28] 
INFO [2024-11-29 10:09:28] $cat.dist
INFO [2024-11-29 10:09:28] c(0.055, 0.055, 0.085)
INFO [2024-11-29 10:09:28] 
INFO [2024-11-29 10:09:28] $cat.fontfamily
INFO [2024-11-29 10:09:28] [1] "sans"
INFO [2024-11-29 10:09:28] 
INFO [2024-11-29 10:09:28] $rotation
INFO [2024-11-29 10:09:28] [1] 1
INFO [2024-11-29 10:09:28] 
