INFO [2024-11-29 10:25:09] $x
INFO [2024-11-29 10:25:09] list(fagaceae, pinaceae, ericaceae, other_families)
INFO [2024-11-29 10:25:09] 
INFO [2024-11-29 10:25:09] $category.names
INFO [2024-11-29 10:25:09] c("Other Fagaceae (30)", "Pinaceae (14)", "Ericaceae (16)", "Other families (18)")
INFO [2024-11-29 10:25:09] 
INFO [2024-11-29 10:25:09] $filename
INFO [2024-11-29 10:25:09] NULL
INFO [2024-11-29 10:25:09] 
INFO [2024-11-29 10:25:09] $output
INFO [2024-11-29 10:25:09] [1] FALSE
INFO [2024-11-29 10:25:09] 
INFO [2024-11-29 10:25:09] $lwd
INFO [2024-11-29 10:25:09] [1] 2
INFO [2024-11-29 10:25:09] 
INFO [2024-11-29 10:25:09] $lty
INFO [2024-11-29 10:25:09] [1] "blank"
INFO [2024-11-29 10:25:09] 
INFO [2024-11-29 10:25:09] $fill
INFO [2024-11-29 10:25:09] myCol
INFO [2024-11-29 10:25:09] 
INFO [2024-11-29 10:25:09] $cat.cex
INFO [2024-11-29 10:25:09] [1] 1
INFO [2024-11-29 10:25:09] 
INFO [2024-11-29 10:25:09] $cat.fontface
INFO [2024-11-29 10:25:09] [1] "bold"
INFO [2024-11-29 10:25:09] 
INFO [2024-11-29 10:25:09] $cat.default.pos
INFO [2024-11-29 10:25:09] [1] "outer"
INFO [2024-11-29 10:25:09] 
INFO [2024-11-29 10:25:09] $cat.fontfamily
INFO [2024-11-29 10:25:09] [1] "sans"
INFO [2024-11-29 10:25:09] 
