INFO [2024-11-29 10:08:40] $x
INFO [2024-11-29 10:08:40] list(fagaceae, pinaceae, ericaceae, other_families)
INFO [2024-11-29 10:08:40] 
INFO [2024-11-29 10:08:40] $category.names
INFO [2024-11-29 10:08:40] c("Fagaceae", "Pinaceae", "Ericaceae", "Other families")
INFO [2024-11-29 10:08:40] 
INFO [2024-11-29 10:08:40] $filename
INFO [2024-11-29 10:08:40] NULL
INFO [2024-11-29 10:08:40] 
INFO [2024-11-29 10:08:40] $output
INFO [2024-11-29 10:08:40] [1] FALSE
INFO [2024-11-29 10:08:40] 
INFO [2024-11-29 10:08:40] $lwd
INFO [2024-11-29 10:08:40] [1] 2
INFO [2024-11-29 10:08:40] 
INFO [2024-11-29 10:08:40] $lty
INFO [2024-11-29 10:08:40] [1] "blank"
INFO [2024-11-29 10:08:40] 
INFO [2024-11-29 10:08:40] $fill
INFO [2024-11-29 10:08:40] myCol
INFO [2024-11-29 10:08:40] 
INFO [2024-11-29 10:08:40] $cat.cex
INFO [2024-11-29 10:08:40] [1] 0.6
INFO [2024-11-29 10:08:40] 
INFO [2024-11-29 10:08:40] $cat.fontface
INFO [2024-11-29 10:08:40] [1] "bold"
INFO [2024-11-29 10:08:40] 
ERROR [2024-11-29 10:08:40] Unexpected parameter length for "fill"
