INFO [2024-11-29 10:10:30] $x
INFO [2024-11-29 10:10:30] list(fagaceae, pinaceae, ericaceae, other_families)
INFO [2024-11-29 10:10:30] 
INFO [2024-11-29 10:10:30] $category.names
INFO [2024-11-29 10:10:30] c("Fagaceae", "Pinaceae", "Ericaceae", "Other families")
INFO [2024-11-29 10:10:30] 
INFO [2024-11-29 10:10:30] $filename
INFO [2024-11-29 10:10:30] NULL
INFO [2024-11-29 10:10:30] 
INFO [2024-11-29 10:10:30] $output
INFO [2024-11-29 10:10:30] [1] FALSE
INFO [2024-11-29 10:10:30] 
INFO [2024-11-29 10:10:30] $lwd
INFO [2024-11-29 10:10:30] [1] 2
INFO [2024-11-29 10:10:30] 
INFO [2024-11-29 10:10:30] $lty
INFO [2024-11-29 10:10:30] [1] "blank"
INFO [2024-11-29 10:10:30] 
INFO [2024-11-29 10:10:30] $fill
INFO [2024-11-29 10:10:30] myCol
INFO [2024-11-29 10:10:30] 
INFO [2024-11-29 10:10:30] $cat.cex
INFO [2024-11-29 10:10:30] [1] 1
INFO [2024-11-29 10:10:30] 
INFO [2024-11-29 10:10:30] $cat.fontface
INFO [2024-11-29 10:10:30] [1] "bold"
INFO [2024-11-29 10:10:30] 
INFO [2024-11-29 10:10:30] $cat.default.pos
INFO [2024-11-29 10:10:30] [1] "outer"
INFO [2024-11-29 10:10:30] 
INFO [2024-11-29 10:10:30] $cat.fontfamily
INFO [2024-11-29 10:10:30] [1] "sans"
INFO [2024-11-29 10:10:30] 
