INFO [2024-11-29 10:08:51] $x
INFO [2024-11-29 10:08:51] list(fagaceae, pinaceae, ericaceae, other_families)
INFO [2024-11-29 10:08:51] 
INFO [2024-11-29 10:08:51] $category.names
INFO [2024-11-29 10:08:51] c("Fagaceae", "Pinaceae", "Ericaceae", "Other families")
INFO [2024-11-29 10:08:51] 
INFO [2024-11-29 10:08:51] $filename
INFO [2024-11-29 10:08:51] NULL
INFO [2024-11-29 10:08:51] 
INFO [2024-11-29 10:08:51] $output
INFO [2024-11-29 10:08:51] [1] FALSE
INFO [2024-11-29 10:08:51] 
INFO [2024-11-29 10:08:51] $lwd
INFO [2024-11-29 10:08:51] [1] 2
INFO [2024-11-29 10:08:51] 
INFO [2024-11-29 10:08:51] $lty
INFO [2024-11-29 10:08:51] [1] "blank"
INFO [2024-11-29 10:08:51] 
INFO [2024-11-29 10:08:51] $fill
INFO [2024-11-29 10:08:51] myCol
INFO [2024-11-29 10:08:51] 
INFO [2024-11-29 10:08:51] $cat.cex
INFO [2024-11-29 10:08:51] [1] 0.6
INFO [2024-11-29 10:08:51] 
INFO [2024-11-29 10:08:51] $cat.fontface
INFO [2024-11-29 10:08:51] [1] "bold"
INFO [2024-11-29 10:08:51] 
ERROR [2024-11-29 10:08:51] Unexpected parameter length for "fill"
