INFO [2024-11-29 10:09:57] $x
INFO [2024-11-29 10:09:57] list(fagaceae, pinaceae, ericaceae, other_families)
INFO [2024-11-29 10:09:57] 
INFO [2024-11-29 10:09:57] $category.names
INFO [2024-11-29 10:09:57] c("Fagaceae", "Pinaceae", "Ericaceae", "Other families")
INFO [2024-11-29 10:09:57] 
INFO [2024-11-29 10:09:57] $filename
INFO [2024-11-29 10:09:57] NULL
INFO [2024-11-29 10:09:57] 
INFO [2024-11-29 10:09:57] $output
INFO [2024-11-29 10:09:57] [1] FALSE
INFO [2024-11-29 10:09:57] 
INFO [2024-11-29 10:09:57] $lwd
INFO [2024-11-29 10:09:57] [1] 2
INFO [2024-11-29 10:09:57] 
INFO [2024-11-29 10:09:57] $lty
INFO [2024-11-29 10:09:57] [1] "blank"
INFO [2024-11-29 10:09:57] 
INFO [2024-11-29 10:09:57] $fill
INFO [2024-11-29 10:09:57] myCol
INFO [2024-11-29 10:09:57] 
INFO [2024-11-29 10:09:57] $cat.cex
INFO [2024-11-29 10:09:57] [1] 0.6
INFO [2024-11-29 10:09:57] 
INFO [2024-11-29 10:09:57] $cat.fontface
INFO [2024-11-29 10:09:57] [1] "bold"
INFO [2024-11-29 10:09:57] 
INFO [2024-11-29 10:09:57] $cat.default.pos
INFO [2024-11-29 10:09:57] [1] "outer"
INFO [2024-11-29 10:09:57] 
INFO [2024-11-29 10:09:57] $cat.fontfamily
INFO [2024-11-29 10:09:57] [1] "sans"
INFO [2024-11-29 10:09:57] 
