INFO [2024-11-29 10:18:31] $x
INFO [2024-11-29 10:18:31] list(fagaceae, pinaceae, ericaceae, other_families)
INFO [2024-11-29 10:18:31] 
INFO [2024-11-29 10:18:31] $category.names
INFO [2024-11-29 10:18:31] c("Fagaceae (30)", "Pinaceae (14)", "Ericaceae (16)", "Other families (18)")
INFO [2024-11-29 10:18:31] 
INFO [2024-11-29 10:18:31] $filename
INFO [2024-11-29 10:18:31] NULL
INFO [2024-11-29 10:18:31] 
INFO [2024-11-29 10:18:31] $output
INFO [2024-11-29 10:18:31] [1] FALSE
INFO [2024-11-29 10:18:31] 
INFO [2024-11-29 10:18:31] $lwd
INFO [2024-11-29 10:18:31] [1] 2
INFO [2024-11-29 10:18:31] 
INFO [2024-11-29 10:18:31] $lty
INFO [2024-11-29 10:18:31] [1] "blank"
INFO [2024-11-29 10:18:31] 
INFO [2024-11-29 10:18:31] $fill
INFO [2024-11-29 10:18:31] myCol
INFO [2024-11-29 10:18:31] 
INFO [2024-11-29 10:18:31] $cat.cex
INFO [2024-11-29 10:18:31] [1] 1
INFO [2024-11-29 10:18:31] 
INFO [2024-11-29 10:18:31] $cat.fontface
INFO [2024-11-29 10:18:31] [1] "bold"
INFO [2024-11-29 10:18:31] 
INFO [2024-11-29 10:18:31] $cat.default.pos
INFO [2024-11-29 10:18:31] [1] "outer"
INFO [2024-11-29 10:18:31] 
INFO [2024-11-29 10:18:31] $cat.fontfamily
INFO [2024-11-29 10:18:31] [1] "sans"
INFO [2024-11-29 10:18:31] 
