INFO [2024-11-29 10:09:47] $x
INFO [2024-11-29 10:09:47] list(fagaceae, pinaceae, ericaceae, other_families)
INFO [2024-11-29 10:09:47] 
INFO [2024-11-29 10:09:47] $category.names
INFO [2024-11-29 10:09:47] c("Fagaceae", "Pinaceae", "Ericaceae", "Other families")
INFO [2024-11-29 10:09:47] 
INFO [2024-11-29 10:09:47] $filename
INFO [2024-11-29 10:09:47] NULL
INFO [2024-11-29 10:09:47] 
INFO [2024-11-29 10:09:47] $output
INFO [2024-11-29 10:09:47] [1] FALSE
INFO [2024-11-29 10:09:47] 
INFO [2024-11-29 10:09:47] $lwd
INFO [2024-11-29 10:09:47] [1] 2
INFO [2024-11-29 10:09:47] 
INFO [2024-11-29 10:09:47] $lty
INFO [2024-11-29 10:09:47] [1] "blank"
INFO [2024-11-29 10:09:47] 
INFO [2024-11-29 10:09:47] $fill
INFO [2024-11-29 10:09:47] myCol
INFO [2024-11-29 10:09:47] 
INFO [2024-11-29 10:09:47] $cat.cex
INFO [2024-11-29 10:09:47] [1] 0.6
INFO [2024-11-29 10:09:47] 
INFO [2024-11-29 10:09:47] $cat.fontface
INFO [2024-11-29 10:09:47] [1] "bold"
INFO [2024-11-29 10:09:47] 
INFO [2024-11-29 10:09:47] $cat.default.pos
INFO [2024-11-29 10:09:47] [1] "outer"
INFO [2024-11-29 10:09:47] 
INFO [2024-11-29 10:09:47] $cat.fontfamily
INFO [2024-11-29 10:09:47] [1] "sans"
INFO [2024-11-29 10:09:47] 
INFO [2024-11-29 10:09:47] $rotation
INFO [2024-11-29 10:09:47] [1] 1
INFO [2024-11-29 10:09:47] 
