INFO [2025-01-19 17:29:55] $x
INFO [2025-01-19 17:29:55] list(fagaceae, pinaceae, ericaceae, other_families)
INFO [2025-01-19 17:29:55] 
INFO [2025-01-19 17:29:55] $category.names
INFO [2025-01-19 17:29:55] c("Other Fagaceae (30)", "Pinaceae (14)", "Ericaceae (16)", "Other families (18)")
INFO [2025-01-19 17:29:55] 
INFO [2025-01-19 17:29:55] $filename
INFO [2025-01-19 17:29:55] NULL
INFO [2025-01-19 17:29:55] 
INFO [2025-01-19 17:29:55] $output
INFO [2025-01-19 17:29:55] [1] FALSE
INFO [2025-01-19 17:29:55] 
INFO [2025-01-19 17:29:55] $lwd
INFO [2025-01-19 17:29:55] [1] 2
INFO [2025-01-19 17:29:55] 
INFO [2025-01-19 17:29:55] $lty
INFO [2025-01-19 17:29:55] [1] "blank"
INFO [2025-01-19 17:29:55] 
INFO [2025-01-19 17:29:55] $fill
INFO [2025-01-19 17:29:55] myCol
INFO [2025-01-19 17:29:55] 
INFO [2025-01-19 17:29:55] $cat.cex
INFO [2025-01-19 17:29:55] [1] 1
INFO [2025-01-19 17:29:55] 
INFO [2025-01-19 17:29:55] $cat.fontface
INFO [2025-01-19 17:29:55] [1] "bold"
INFO [2025-01-19 17:29:55] 
INFO [2025-01-19 17:29:55] $cat.default.pos
INFO [2025-01-19 17:29:55] [1] "outer"
INFO [2025-01-19 17:29:55] 
INFO [2025-01-19 17:29:55] $cat.fontfamily
INFO [2025-01-19 17:29:55] [1] "sans"
INFO [2025-01-19 17:29:55] 
