INFO [2024-11-29 10:08:02] $x
INFO [2024-11-29 10:08:02] list(fagaceae, pinaceae, ericaceae, other_families)
INFO [2024-11-29 10:08:02] 
INFO [2024-11-29 10:08:02] $category.names
INFO [2024-11-29 10:08:02] c("Fagaceae", "Pinaceae", "Ericaceae", "Other families")
INFO [2024-11-29 10:08:02] 
INFO [2024-11-29 10:08:02] $filename
INFO [2024-11-29 10:08:02] NULL
INFO [2024-11-29 10:08:02] 
INFO [2024-11-29 10:08:02] $output
INFO [2024-11-29 10:08:02] [1] FALSE
INFO [2024-11-29 10:08:02] 
INFO [2024-11-29 10:08:02] $lwd
INFO [2024-11-29 10:08:02] [1] 2
INFO [2024-11-29 10:08:02] 
INFO [2024-11-29 10:08:02] $lty
INFO [2024-11-29 10:08:02] [1] "blank"
INFO [2024-11-29 10:08:02] 
INFO [2024-11-29 10:08:02] $fill
INFO [2024-11-29 10:08:02] myCol
INFO [2024-11-29 10:08:02] 
INFO [2024-11-29 10:08:02] $cat.cex
INFO [2024-11-29 10:08:02] [1] 0.6
INFO [2024-11-29 10:08:02] 
INFO [2024-11-29 10:08:02] $cat.fontface
INFO [2024-11-29 10:08:02] [1] "bold"
INFO [2024-11-29 10:08:02] 
INFO [2024-11-29 10:08:02] $cat.default.pos
INFO [2024-11-29 10:08:02] [1] "outer"
INFO [2024-11-29 10:08:02] 
INFO [2024-11-29 10:08:02] $cat.pos
INFO [2024-11-29 10:08:02] c(-27, 27, 135)
INFO [2024-11-29 10:08:02] 
INFO [2024-11-29 10:08:02] $cat.dist
INFO [2024-11-29 10:08:02] c(0.055, 0.055, 0.085)
INFO [2024-11-29 10:08:02] 
INFO [2024-11-29 10:08:02] $cat.fontfamily
INFO [2024-11-29 10:08:02] [1] "sans"
INFO [2024-11-29 10:08:02] 
INFO [2024-11-29 10:08:02] $rotation
INFO [2024-11-29 10:08:02] [1] 1
INFO [2024-11-29 10:08:02] 
