INFO [2024-11-29 10:08:19] $x
INFO [2024-11-29 10:08:19] list(fagaceae, pinaceae, ericaceae, other_families)
INFO [2024-11-29 10:08:19] 
INFO [2024-11-29 10:08:19] $category.names
INFO [2024-11-29 10:08:19] c("Fagaceae", "Pinaceae", "Ericaceae", "Other families")
INFO [2024-11-29 10:08:19] 
INFO [2024-11-29 10:08:19] $filename
INFO [2024-11-29 10:08:19] NULL
INFO [2024-11-29 10:08:19] 
INFO [2024-11-29 10:08:19] $output
INFO [2024-11-29 10:08:19] [1] FALSE
INFO [2024-11-29 10:08:19] 
INFO [2024-11-29 10:08:19] $lwd
INFO [2024-11-29 10:08:19] [1] 2
INFO [2024-11-29 10:08:19] 
INFO [2024-11-29 10:08:19] $lty
INFO [2024-11-29 10:08:19] [1] "blank"
INFO [2024-11-29 10:08:19] 
INFO [2024-11-29 10:08:19] $fill
INFO [2024-11-29 10:08:19] myCol
INFO [2024-11-29 10:08:19] 
INFO [2024-11-29 10:08:19] $cat.cex
INFO [2024-11-29 10:08:19] [1] 0.6
INFO [2024-11-29 10:08:19] 
INFO [2024-11-29 10:08:19] $cat.fontface
INFO [2024-11-29 10:08:19] [1] "bold"
INFO [2024-11-29 10:08:19] 
ERROR [2024-11-29 10:08:19] Unexpected parameter length for "fill"
