INFO [2024-11-29 10:09:38] $x
INFO [2024-11-29 10:09:38] list(fagaceae, pinaceae, ericaceae, other_families)
INFO [2024-11-29 10:09:38] 
INFO [2024-11-29 10:09:38] $category.names
INFO [2024-11-29 10:09:38] c("Fagaceae", "Pinaceae", "Ericaceae", "Other families")
INFO [2024-11-29 10:09:38] 
INFO [2024-11-29 10:09:38] $filename
INFO [2024-11-29 10:09:38] NULL
INFO [2024-11-29 10:09:38] 
INFO [2024-11-29 10:09:38] $output
INFO [2024-11-29 10:09:38] [1] FALSE
INFO [2024-11-29 10:09:38] 
INFO [2024-11-29 10:09:38] $lwd
INFO [2024-11-29 10:09:38] [1] 2
INFO [2024-11-29 10:09:38] 
INFO [2024-11-29 10:09:38] $lty
INFO [2024-11-29 10:09:38] [1] "blank"
INFO [2024-11-29 10:09:38] 
INFO [2024-11-29 10:09:38] $fill
INFO [2024-11-29 10:09:38] myCol
INFO [2024-11-29 10:09:38] 
INFO [2024-11-29 10:09:38] $cat.cex
INFO [2024-11-29 10:09:38] [1] 0.6
INFO [2024-11-29 10:09:38] 
INFO [2024-11-29 10:09:38] $cat.fontface
INFO [2024-11-29 10:09:38] [1] "bold"
INFO [2024-11-29 10:09:38] 
INFO [2024-11-29 10:09:38] $cat.default.pos
INFO [2024-11-29 10:09:38] [1] "outer"
INFO [2024-11-29 10:09:38] 
INFO [2024-11-29 10:09:38] $cat.fontfamily
INFO [2024-11-29 10:09:38] [1] "sans"
INFO [2024-11-29 10:09:38] 
INFO [2024-11-29 10:09:38] $rotation
INFO [2024-11-29 10:09:38] [1] 1
INFO [2024-11-29 10:09:38] 
